build/outputs/logs/manifest-merger-release-report.txt
-- Merging decision tree log ---
manifest
ADDED from src\main\AndroidManifest.xml:2:1-106:12
INJECTED from src\main\AndroidManifest.xml:2:1-106:12
INJECTED from src\main\AndroidManifest.xml:2:1-106:12
INJECTED from src\main\AndroidManifest.xml:2:1-106:12
INJECTED from src\main\AndroidManifest.xml:2:1-106:12
INJECTED from src\main\AndroidManifest.xml:2:1-106:12
INJECTED from src\main\AndroidManifest.xml:2:1-106:12
	package
		ADDED from src\main\AndroidManifest.xml:4:5-24
		INJECTED from src\main\AndroidManifest.xml
		INJECTED from src\main\AndroidManifest.xml
	android:versionName
		INJECTED from src\main\AndroidManifest.xml
		ADDED from src\main\AndroidManifest.xml:2:1-106:12
		INJECTED from src\main\AndroidManifest.xml
	xmlns:tools
		ADDED from src\main\AndroidManifest.xml:3:5-51
	android:versionCode
		INJECTED from src\main\AndroidManifest.xml
		ADDED from src\main\AndroidManifest.xml:2:1-106:12
		INJECTED from src\main\AndroidManifest.xml
	xmlns:android
		ADDED from src\main\AndroidManifest.xml:2:11-69
uses-permission#android.permission.PACKAGE_USAGE_STATS
ADDED from src\main\AndroidManifest.xml:12:5-14:47
	tools:ignore
		ADDED from src\main\AndroidManifest.xml:14:9-44
	android:name
		ADDED from src\main\AndroidManifest.xml:13:9-62
uses-permission#android.permission.DEVICE_POWER
ADDED from src\main\AndroidManifest.xml:16:5-71
	android:name
		ADDED from src\main\AndroidManifest.xml:16:22-68
uses-permission#android.permission.INTERACT_ACROSS_USERS_FULL
ADDED from src\main\AndroidManifest.xml:17:5-85
	android:name
		ADDED from src\main\AndroidManifest.xml:17:22-82
uses-permission#android.permission.MOUNT_UNMOUNT_FILESYSTEMS
ADDED from src\main\AndroidManifest.xml:18:5-84
	android:name
		ADDED from src\main\AndroidManifest.xml:18:22-81
uses-permission#android.permission.READ_LOGS
ADDED from src\main\AndroidManifest.xml:19:5-68
	android:name
		ADDED from src\main\AndroidManifest.xml:19:22-65
uses-permission#android.permission.CHANGE_CONFIGURATION
ADDED from src\main\AndroidManifest.xml:20:5-79
	android:name
		ADDED from src\main\AndroidManifest.xml:20:22-76
uses-permission#android.permission.WRITE_SETTINGS
ADDED from src\main\AndroidManifest.xml:21:5-73
	android:name
		ADDED from src\main\AndroidManifest.xml:21:22-70
uses-permission#android.permission.DISABLE_KEYGUARD
ADDED from src\main\AndroidManifest.xml:22:5-75
	android:name
		ADDED from src\main\AndroidManifest.xml:22:22-72
uses-permission#android.permission.WAKE_LOCK
ADDED from src\main\AndroidManifest.xml:23:5-68
	android:name
		ADDED from src\main\AndroidManifest.xml:23:22-65
uses-permission#android.permission.CAMERA
ADDED from src\main\AndroidManifest.xml:24:5-65
	android:name
		ADDED from src\main\AndroidManifest.xml:24:22-62
uses-permission#android.permission.WRITE_EXTERNAL_STORAGE
ADDED from src\main\AndroidManifest.xml:25:5-81
	android:name
		ADDED from src\main\AndroidManifest.xml:25:22-78
uses-permission#android.permission.INTERNET
ADDED from src\main\AndroidManifest.xml:26:5-67
	android:name
		ADDED from src\main\AndroidManifest.xml:26:22-64
uses-permission#android.permission.READ_PHONE_STATE
ADDED from src\main\AndroidManifest.xml:27:5-75
	android:name
		ADDED from src\main\AndroidManifest.xml:27:22-72
uses-permission#android.permission.ACCESS_NETWORK_STATE
ADDED from src\main\AndroidManifest.xml:28:5-79
	android:name
		ADDED from src\main\AndroidManifest.xml:28:22-76
uses-permission#android.permission.ACCESS_FINE_LOCATION
ADDED from src\main\AndroidManifest.xml:29:5-79
	android:name
		ADDED from src\main\AndroidManifest.xml:29:22-76
uses-permission#android.permission.ACCESS_COARSE_LOCATION
ADDED from src\main\AndroidManifest.xml:30:5-81
	android:name
		ADDED from src\main\AndroidManifest.xml:30:22-78
uses-permission#android.permission.ACCESS_GPS
ADDED from src\main\AndroidManifest.xml:31:5-69
	android:name
		ADDED from src\main\AndroidManifest.xml:31:22-66
uses-permission#android.permission.ACCESS_WIFI_STATE
ADDED from src\main\AndroidManifest.xml:32:5-76
	android:name
		ADDED from src\main\AndroidManifest.xml:32:22-73
uses-permission#android.permission.CHANGE_WIFI_STATE
ADDED from src\main\AndroidManifest.xml:33:5-76
	android:name
		ADDED from src\main\AndroidManifest.xml:33:22-73
uses-permission#android.permission.VIBRATE
ADDED from src\main\AndroidManifest.xml:34:5-66
	android:name
		ADDED from src\main\AndroidManifest.xml:34:22-63
uses-permission#android.permission.FLASHLIGHT
ADDED from src\main\AndroidManifest.xml:36:5-69
	android:name
		ADDED from src\main\AndroidManifest.xml:36:22-66
uses-permission#android.permission.CALL_PHONE
ADDED from src\main\AndroidManifest.xml:37:5-69
	android:name
		ADDED from src\main\AndroidManifest.xml:37:22-66
uses-permission#android.permission.GET_TASKS
ADDED from src\main\AndroidManifest.xml:38:5-68
	android:name
		ADDED from src\main\AndroidManifest.xml:38:22-65
uses-permission#android.permission.SYSTEM_ALERT_WINDOW
ADDED from src\main\AndroidManifest.xml:39:5-78
	android:name
		ADDED from src\main\AndroidManifest.xml:39:22-75
uses-permission#android.permission.RECORD_AUDIO
ADDED from src\main\AndroidManifest.xml:40:5-71
	android:name
		ADDED from src\main\AndroidManifest.xml:40:22-68
uses-permission#android.permission.MODIFY_AUDIO_SETTINGS
ADDED from src\main\AndroidManifest.xml:41:5-80
	android:name
		ADDED from src\main\AndroidManifest.xml:41:22-77
uses-permission#android.permission.READ_EXTERNAL_STORAGE
ADDED from src\main\AndroidManifest.xml:42:5-80
	android:name
		ADDED from src\main\AndroidManifest.xml:42:22-77
uses-permission#android.permission.BLUETOOTH
ADDED from src\main\AndroidManifest.xml:43:5-68
	android:name
		ADDED from src\main\AndroidManifest.xml:43:22-65
uses-permission#android.permission.BLUETOOTH_ADMIN
ADDED from src\main\AndroidManifest.xml:44:5-74
	android:name
		ADDED from src\main\AndroidManifest.xml:44:22-71
uses-permission#android.permission.PERSISTENT_ACTIVITY
ADDED from src\main\AndroidManifest.xml:45:5-78
	android:name
		ADDED from src\main\AndroidManifest.xml:45:22-75
uses-permission#android.permission.CHANGE_NETWORK_STATE
ADDED from src\main\AndroidManifest.xml:46:5-79
	android:name
		ADDED from src\main\AndroidManifest.xml:46:22-76
uses-permission#android.permission.REORDER_TASKS
ADDED from src\main\AndroidManifest.xml:49:5-72
	android:name
		ADDED from src\main\AndroidManifest.xml:49:22-69
application
ADDED from src\main\AndroidManifest.xml:52:5-105:19
	android:supportsRtl
		ADDED from src\main\AndroidManifest.xml:56:9-35
	android:label
		ADDED from src\main\AndroidManifest.xml:55:9-41
	android:icon
		ADDED from src\main\AndroidManifest.xml:54:9-42
	android:allowBackup
		ADDED from src\main\AndroidManifest.xml:53:9-35
	android:theme
		ADDED from src\main\AndroidManifest.xml:57:9-41
meta-data#android.max_aspect
ADDED from src\main\AndroidManifest.xml:59:9-61:35
	android:value
		ADDED from src\main\AndroidManifest.xml:61:13-32
	android:name
		ADDED from src\main\AndroidManifest.xml:60:13-46
activity#com.zxing.android.CaptureActivity
ADDED from src\main\AndroidManifest.xml:63:9-70
	android:name
		ADDED from src\main\AndroidManifest.xml:63:19-67
activity#cn.com.rooten.sys.AppAbout
ADDED from src\main\AndroidManifest.xml:64:9-63
	android:name
		ADDED from src\main\AndroidManifest.xml:64:19-60
activity#cn.com.rooten.sys.AppChangePassword
ADDED from src\main\AndroidManifest.xml:65:9-72
	android:name
		ADDED from src\main\AndroidManifest.xml:65:19-69
activity#cn.com.rooten.ctrl.image.ImagePreviewActivity
ADDED from src\main\AndroidManifest.xml:66:9-68:48
	android:theme
		ADDED from src\main\AndroidManifest.xml:68:13-45
	android:name
		ADDED from src\main\AndroidManifest.xml:67:13-73
activity#lib.grasp.widget.recyclerview.group.activity.StickyActivity
ADDED from src\main\AndroidManifest.xml:70:9-87
	android:name
		ADDED from src\main\AndroidManifest.xml:70:19-84
activity#lib.grasp.widget.recyclerview.group.activity.GroupedListActivity
ADDED from src\main\AndroidManifest.xml:71:9-92
	android:name
		ADDED from src\main\AndroidManifest.xml:71:19-89
activity#lib.grasp.widget.recyclerview.group.activity.NoHeaderActivity
ADDED from src\main\AndroidManifest.xml:72:9-89
	android:name
		ADDED from src\main\AndroidManifest.xml:72:19-86
activity#lib.grasp.widget.recyclerview.group.activity.NoFooterActivity
ADDED from src\main\AndroidManifest.xml:73:9-89
	android:name
		ADDED from src\main\AndroidManifest.xml:73:19-86
activity#lib.grasp.widget.recyclerview.group.activity.Grid1Activity
ADDED from src\main\AndroidManifest.xml:74:9-86
	android:name
		ADDED from src\main\AndroidManifest.xml:74:19-83
activity#lib.grasp.widget.recyclerview.group.activity.Grid2Activity
ADDED from src\main\AndroidManifest.xml:75:9-86
	android:name
		ADDED from src\main\AndroidManifest.xml:75:19-83
activity#lib.grasp.widget.recyclerview.group.activity.ExpandableActivity
ADDED from src\main\AndroidManifest.xml:76:9-91
	android:name
		ADDED from src\main\AndroidManifest.xml:76:19-88
activity#lib.grasp.widget.recyclerview.group.activity.VariousActivity
ADDED from src\main\AndroidManifest.xml:77:9-88
	android:name
		ADDED from src\main\AndroidManifest.xml:77:19-85
activity#lib.grasp.widget.recyclerview.group.activity.VariousChildActivity
ADDED from src\main\AndroidManifest.xml:78:9-93
	android:name
		ADDED from src\main\AndroidManifest.xml:78:19-90
receiver#cn.com.rooten.help.apploop.imp.AppLoopReceiver
ADDED from src\main\AndroidManifest.xml:81:9-84:40
	android:process
		ADDED from src\main\AndroidManifest.xml:84:13-38
	android:enabled
		ADDED from src\main\AndroidManifest.xml:82:13-35
	android:exported
		ADDED from src\main\AndroidManifest.xml:83:13-36
	android:name
		ADDED from src\main\AndroidManifest.xml:81:19-80
service#cn.com.rooten.help.apploop.imp.AppLoopJob
ADDED from src\main\AndroidManifest.xml:86:9-91:40
	android:process
		ADDED from src\main\AndroidManifest.xml:91:13-38
	android:enabled
		ADDED from src\main\AndroidManifest.xml:89:13-35
	android:exported
		ADDED from src\main\AndroidManifest.xml:90:13-36
	android:permission
		ADDED from src\main\AndroidManifest.xml:88:13-69
	android:name
		ADDED from src\main\AndroidManifest.xml:87:13-69
service#cn.com.rooten.help.apploop.AppLoopService
ADDED from src\main\AndroidManifest.xml:94:9-103:19
	android:process
		ADDED from src\main\AndroidManifest.xml:99:13-38
	android:enabled
		ADDED from src\main\AndroidManifest.xml:97:13-35
	android:label
		ADDED from src\main\AndroidManifest.xml:95:13-49
	android:exported
		ADDED from src\main\AndroidManifest.xml:98:13-36
	android:description
		ADDED from src\main\AndroidManifest.xml:96:13-55
	android:name
		ADDED from src\main\AndroidManifest.xml:94:18-74
intent-filter#action:name:cn.com.rooten.help.apploop.AppLoopService
ADDED from src\main\AndroidManifest.xml:100:13-102:29
action#cn.com.rooten.help.apploop.AppLoopService
ADDED from src\main\AndroidManifest.xml:101:17-84
	android:name
		ADDED from src\main\AndroidManifest.xml:101:25-81
uses-sdk
INJECTED from src\main\AndroidManifest.xml reason: use-sdk injection requested
INJECTED from src\main\AndroidManifest.xml
INJECTED from src\main\AndroidManifest.xml
INJECTED from src\main\AndroidManifest.xml
INJECTED from src\main\AndroidManifest.xml
	android:targetSdkVersion
		INJECTED from src\main\AndroidManifest.xml
		ADDED from src\main\AndroidManifest.xml
		INJECTED from src\main\AndroidManifest.xml
	android:minSdkVersion
		INJECTED from src\main\AndroidManifest.xml
		ADDED from src\main\AndroidManifest.xml
		INJECTED from src\main\AndroidManifest.xml